c:\users\kat\source\repos\blackjack\blackjack\debug\vc141.pdb
c:\users\kat\source\repos\blackjack\blackjack\debug\vc141.idb
c:\users\kat\source\repos\blackjack\blackjack\debug\blackjack.obj
c:\users\kat\source\repos\blackjack\blackjack\debug\pch.obj
c:\users\kat\source\repos\blackjack\blackjack\debug\blackjack.pch
c:\users\kat\source\repos\blackjack\debug\blackjack.pdb
c:\users\kat\source\repos\blackjack\blackjack\debug\blackjack.tlog\cl.command.1.tlog
c:\users\kat\source\repos\blackjack\blackjack\debug\blackjack.tlog\cl.read.1.tlog
c:\users\kat\source\repos\blackjack\blackjack\debug\blackjack.tlog\cl.write.1.tlog
c:\users\kat\source\repos\blackjack\blackjack\debug\blackjack.tlog\link-cvtres.read.1.tlog
c:\users\kat\source\repos\blackjack\blackjack\debug\blackjack.tlog\link-cvtres.write.1.tlog
c:\users\kat\source\repos\blackjack\blackjack\debug\blackjack.tlog\link-rc.read.1.tlog
c:\users\kat\source\repos\blackjack\blackjack\debug\blackjack.tlog\link-rc.write.1.tlog
c:\users\kat\source\repos\blackjack\blackjack\debug\blackjack.tlog\link.6048-cvtres.read.1.tlog
c:\users\kat\source\repos\blackjack\blackjack\debug\blackjack.tlog\link.6048-cvtres.write.1.tlog
c:\users\kat\source\repos\blackjack\blackjack\debug\blackjack.tlog\link.6048-rc.read.1.tlog
c:\users\kat\source\repos\blackjack\blackjack\debug\blackjack.tlog\link.6048-rc.write.1.tlog
c:\users\kat\source\repos\blackjack\blackjack\debug\blackjack.tlog\link.6048.read.1.tlog
c:\users\kat\source\repos\blackjack\blackjack\debug\blackjack.tlog\link.6048.write.1.tlog
c:\users\kat\source\repos\blackjack\blackjack\debug\blackjack.tlog\link.command.1.tlog
c:\users\kat\source\repos\blackjack\blackjack\debug\blackjack.tlog\link.read.1.tlog
c:\users\kat\source\repos\blackjack\blackjack\debug\blackjack.tlog\link.write.1.tlog
